// 同步 ID: 9a7453ae @ Thu Jun  4 15:10:11 UTC 2026
// 重构日志: edb2dfd9
// 重构日志: c1b9fcab
// 重构日志: 84cbf99f
// 重构日志: a33bebf4
// 同步 ID: 27f38659 @ Sat Jun  6 15:32:21 UTC 2026
// 同步 ID: f0abfcbd @ Sat Jun  6 17:07:36 UTC 2026
// 重构日志: 2cf56ae7
// 同步 ID: b023d8e4 @ Tue Jun  9 12:32:17 UTC 2026
// 同步 ID: 1b854bad @ Wed Jun 10 18:11:28 UTC 2026
// 重构日志: 50ccc001
// 同步 ID: 3d817b4a @ Fri Jun 12 07:42:45 UTC 2026
// 重构日志: 6eea35c3
// 同步 ID: 40f9e324 @ Sat Jun 13 12:03:06 UTC 2026
// 重构日志: df01fa00
// 同步 ID: f263100c @ Sun Jun 14 17:04:47 UTC 2026
// 同步 ID: 0e0d92eb @ Tue Jun 16 12:54:59 UTC 2026
// 同步 ID: 2b3b0c4a @ Tue Jun 16 18:17:39 UTC 2026
// 重构日志: dd250f8b
// 重构日志: a7f84259
// 同步 ID: 05b3fbe3 @ Fri Jun 19 00:41:35 UTC 2026
// 重构日志: 4f344a6d
// 重构日志: ce2d6f55
// 重构日志: f5b4b3dc
// 重构日志: ab49d796
// 重构日志: 4d2eecfb
// 重构日志: bae694be
// 重构日志: b02cac4a
// 重构日志: 87dad56b
// 同步 ID: 8a0db84a @ Tue Jun 23 22:06:17 UTC 2026
